D:\DHR. MAX OOMEN\DOCUMENTS\VISUAL STUDIO 2010\PROJECTS\BUBBLE\BUBBLE\DEBUG\BUBBLE.EXE.INTERMEDIATE.MANIFEST
D:\Dhr. Max Oomen\Documents\Visual Studio 2010\Projects\Bubble\Bubble\Debug\Bubble.vcxprojResolveAssemblyReference.cache
D:\Dhr. Max Oomen\Documents\Visual Studio 2010\Projects\Bubble\Bubble\Debug\Bubble.write.1.tlog
D:\Dhr. Max Oomen\Documents\Visual Studio 2010\Projects\Bubble\Bubble\Debug\cl.command.1.tlog
D:\Dhr. Max Oomen\Documents\Visual Studio 2010\Projects\Bubble\Bubble\Debug\CL.read.1.tlog
D:\Dhr. Max Oomen\Documents\Visual Studio 2010\Projects\Bubble\Bubble\Debug\CL.write.1.tlog
D:\DHR. MAX OOMEN\DOCUMENTS\VISUAL STUDIO 2010\PROJECTS\BUBBLE\BUBBLE\DEBUG\DISPLAYMANAGER.OBJ
D:\DHR. MAX OOMEN\DOCUMENTS\VISUAL STUDIO 2010\PROJECTS\BUBBLE\BUBBLE\DEBUG\GAMEOBJECT.OBJ
D:\DHR. MAX OOMEN\DOCUMENTS\VISUAL STUDIO 2010\PROJECTS\BUBBLE\BUBBLE\DEBUG\GLOBALS.OBJ
D:\Dhr. Max Oomen\Documents\Visual Studio 2010\Projects\Bubble\Bubble\Debug\link.command.1.tlog
D:\Dhr. Max Oomen\Documents\Visual Studio 2010\Projects\Bubble\Bubble\Debug\link.read.1.tlog
D:\Dhr. Max Oomen\Documents\Visual Studio 2010\Projects\Bubble\Bubble\Debug\link.write.1.tlog
D:\DHR. MAX OOMEN\DOCUMENTS\VISUAL STUDIO 2010\PROJECTS\BUBBLE\BUBBLE\DEBUG\MAIN.OBJ
D:\Dhr. Max Oomen\Documents\Visual Studio 2010\Projects\Bubble\Bubble\Debug\mt.command.1.tlog
D:\Dhr. Max Oomen\Documents\Visual Studio 2010\Projects\Bubble\Bubble\Debug\mt.read.1.tlog
D:\Dhr. Max Oomen\Documents\Visual Studio 2010\Projects\Bubble\Bubble\Debug\mt.write.1.tlog
D:\DHR. MAX OOMEN\DOCUMENTS\VISUAL STUDIO 2010\PROJECTS\BUBBLE\BUBBLE\DEBUG\OBJ_PLAYER.OBJ
D:\DHR. MAX OOMEN\DOCUMENTS\VISUAL STUDIO 2010\PROJECTS\BUBBLE\BUBBLE\DEBUG\OBJ_TEST.OBJ
D:\Dhr. Max Oomen\Documents\Visual Studio 2010\Projects\Bubble\Bubble\Debug\vc100.idb
D:\DHR. MAX OOMEN\DOCUMENTS\VISUAL STUDIO 2010\PROJECTS\BUBBLE\BUBBLE\DEBUG\VC100.PDB
D:\DHR. MAX OOMEN\DOCUMENTS\VISUAL STUDIO 2010\PROJECTS\BUBBLE\DEBUG\BUBBLE.EXE
D:\DHR. MAX OOMEN\DOCUMENTS\VISUAL STUDIO 2010\PROJECTS\BUBBLE\DEBUG\BUBBLE.ILK
D:\DHR. MAX OOMEN\DOCUMENTS\VISUAL STUDIO 2010\PROJECTS\BUBBLE\DEBUG\BUBBLE.PDB
